f:\vs2015project\undoredo\undoredoproject\debug\vc140.pdb
f:\vs2015project\undoredo\undoredoproject\debug\.netframework,version=v4.5.2.assemblyattributes.obj
f:\vs2015project\undoredo\undoredoproject\debug\.netframework,version=v4.5.2.assemblyattributes.asm
f:\vs2015project\undoredo\undoredoproject\debug\undoredoform1.obj
f:\vs2015project\undoredo\undoredoproject\debug\undoredo.obj
f:\vs2015project\undoredo\undoredoproject\debug\drawtest.obj
f:\vs2015project\undoredo\debug\undoredoproject.exe
f:\vs2015project\undoredo\debug\undoredoproject.pdb
f:\vs2015project\undoredo\undoredoproject\debug\undoredoproject.undoredoform.resources
f:\vs2015project\undoredo\undoredoproject\debug\undoredoproject.undoredoform1.resources
f:\vs2015project\undoredo\undoredoproject\debug\undoredoproject.undoredo.resources
c:\users\qi\documents\github\designpatternprojecttj\undoredo\undoredoproject\debug\undoredoproject.vcxproj.generateresource.cache
c:\users\qi\documents\github\designpatternprojecttj\undoredo\undoredoproject\debug\undoredoproject.vcxprojresolveassemblyreference.cache
c:\users\qi\documents\github\designpatternprojecttj\undoredo\undoredoproject\debug\.netframework,version=v4.5.2.assemblyattributes.obj
c:\users\qi\documents\github\designpatternprojecttj\undoredo\undoredoproject\debug\drawtest.obj
c:\users\qi\documents\github\designpatternprojecttj\undoredo\undoredoproject\debug\undoredo.obj
c:\users\qi\documents\github\designpatternprojecttj\undoredo\undoredoproject\debug\undoredoform.obj
c:\users\qi\documents\github\designpatternprojecttj\undoredo\undoredoproject\debug\undoredoform1.obj
c:\users\qi\documents\github\designpatternprojecttj\undoredo\undoredoproject\debug\undoredoproject.undoredo.resources
c:\users\qi\documents\github\designpatternprojecttj\undoredo\undoredoproject\debug\undoredoproject.undoredoform.resources
c:\users\qi\documents\github\designpatternprojecttj\undoredo\undoredoproject\debug\undoredoproject.undoredoform1.resources
c:\users\qi\documents\github\designpatternprojecttj\undoredo\undoredoproject\debug\vc140.pdb
c:\users\qi\documents\github\designpatternprojecttj\undoredo\undoredoproject\debug\undoredoproject.tlog\cl.command.1.tlog
c:\users\qi\documents\github\designpatternprojecttj\undoredo\undoredoproject\debug\undoredoproject.tlog\cl.read.1.tlog
c:\users\qi\documents\github\designpatternprojecttj\undoredo\undoredoproject\debug\undoredoproject.tlog\cl.write.1.tlog
c:\users\qi\documents\github\designpatternprojecttj\undoredo\undoredoproject\debug\undoredoproject.tlog\link.command.1.tlog
c:\users\qi\documents\github\designpatternprojecttj\undoredo\undoredoproject\debug\undoredoproject.tlog\link.read.1.tlog
c:\users\qi\documents\github\designpatternprojecttj\undoredo\undoredoproject\debug\undoredoproject.tlog\link.write.1.tlog
c:\users\qi\documents\github\designpatternprojecttj\undoredo\undoredoproject\debug\undoredoproject.tlog\metagen.read.1.tlog
c:\users\qi\documents\github\designpatternprojecttj\undoredo\undoredoproject\debug\undoredoproject.tlog\metagen.write.1.tlog
c:\users\qi\documents\github\designpatternprojecttj\undoredo\undoredoproject\debug\undoredoproject.tlog\undoredoproject.write.1u.tlog
c:\users\qi\documents\github\designpatternprojecttj\undoredo\undoredoproject\debug\undoredoproject.tlog\tzres.dll.bi
