f:\vs2015project\consoleapplication3\consoleapplication3\debug\vc140.pdb
f:\vs2015project\consoleapplication3\consoleapplication3\debug\vc140.idb
f:\vs2015project\consoleapplication3\consoleapplication3\debug\test.obj
f:\vs2015project\consoleapplication3\consoleapplication3\debug\commandfactory.obj
f:\vs2015project\consoleapplication3\debug\composite.pdb
f:\vs2015project\consoleapplication3\consoleapplication3\debug\composite.tlog\cl.command.1.tlog
f:\vs2015project\consoleapplication3\consoleapplication3\debug\composite.tlog\cl.read.1.tlog
f:\vs2015project\consoleapplication3\consoleapplication3\debug\composite.tlog\cl.write.1.tlog
f:\vs2015project\consoleapplication3\consoleapplication3\debug\composite.tlog\link-cvtres.read.1.tlog
f:\vs2015project\consoleapplication3\consoleapplication3\debug\composite.tlog\link-cvtres.write.1.tlog
f:\vs2015project\consoleapplication3\consoleapplication3\debug\composite.tlog\link-rc.read.1.tlog
f:\vs2015project\consoleapplication3\consoleapplication3\debug\composite.tlog\link-rc.write.1.tlog
f:\vs2015project\consoleapplication3\consoleapplication3\debug\composite.tlog\link.12524-cvtres.read.1.tlog
f:\vs2015project\consoleapplication3\consoleapplication3\debug\composite.tlog\link.12524-cvtres.write.1.tlog
f:\vs2015project\consoleapplication3\consoleapplication3\debug\composite.tlog\link.12524-rc.read.1.tlog
f:\vs2015project\consoleapplication3\consoleapplication3\debug\composite.tlog\link.12524-rc.write.1.tlog
f:\vs2015project\consoleapplication3\consoleapplication3\debug\composite.tlog\link.12524.read.1.tlog
f:\vs2015project\consoleapplication3\consoleapplication3\debug\composite.tlog\link.12524.write.1.tlog
f:\vs2015project\consoleapplication3\consoleapplication3\debug\composite.tlog\link.command.1.tlog
f:\vs2015project\consoleapplication3\consoleapplication3\debug\composite.tlog\link.read.1.tlog
f:\vs2015project\consoleapplication3\consoleapplication3\debug\composite.tlog\link.write.1.tlog
